2018-05-23 21:37:23,646 ERROR [Worker-6] - Statistics - Statistics file `C:\Users\Harshit\.scalaide\statistics` is corrupted. A new one is being created. Corrupted content was:

com.cedarsoftware.util.io.JsonIoException: error parsing JSON value
	at com.cedarsoftware.util.io.JsonReader.readObject(JsonReader.java:529)
	at com.cedarsoftware.util.io.JsonReader.jsonToJava(JsonReader.java:289)
	at com.cedarsoftware.util.io.JsonReader.jsonToJava(JsonReader.java:262)
	at org.scalaide.core.internal.statistics.Statistics.read(Statistics.scala:74)
	at org.scalaide.core.internal.statistics.Statistics.$anonfun$readStats$1(Statistics.scala:52)
	at org.scalaide.core.internal.statistics.Statistics.$anonfun$readStats$1$adapted(Statistics.scala:51)
	at org.scalaide.core.ScalaIdeDataStore$.$anonfun$validate$2(ScalaIdeDataStore.scala:59)
	at org.scalaide.util.eclipse.EclipseUtils$$anon$3.run(EclipseUtils.scala:230)
	at org.eclipse.core.runtime.SafeRunner.run(SafeRunner.java:42)
	at org.scalaide.util.eclipse.EclipseUtils$.withSafeRunner(EclipseUtils.scala:226)
	at org.scalaide.core.ScalaIdeDataStore$.validate(ScalaIdeDataStore.scala:59)
	at org.scalaide.core.internal.statistics.Statistics.readStats(Statistics.scala:51)
	at org.scalaide.core.internal.statistics.Statistics.<init>(Statistics.scala:30)
	at org.scalaide.core.internal.ScalaPlugin.stats$lzycompute(ScalaPlugin.scala:135)
	at org.scalaide.core.internal.ScalaPlugin.stats(ScalaPlugin.scala:135)
	at org.scalaide.core.internal.ScalaPlugin.statistics(ScalaPlugin.scala:138)
	at org.scalaide.core.internal.ScalaPlugin.start(ScalaPlugin.scala:109)
	at org.eclipse.osgi.internal.framework.BundleContextImpl$3.run(BundleContextImpl.java:779)
	at org.eclipse.osgi.internal.framework.BundleContextImpl$3.run(BundleContextImpl.java:1)
	at java.base/java.security.AccessController.doPrivileged(Native Method)
	at org.eclipse.osgi.internal.framework.BundleContextImpl.startActivator(BundleContextImpl.java:772)
	at org.eclipse.osgi.internal.framework.BundleContextImpl.start(BundleContextImpl.java:729)
	at org.eclipse.osgi.internal.framework.EquinoxBundle.startWorker0(EquinoxBundle.java:933)
	at org.eclipse.osgi.internal.framework.EquinoxBundle$EquinoxModule.startWorker(EquinoxBundle.java:309)
	at org.eclipse.osgi.container.Module.doStart(Module.java:581)
	at org.eclipse.osgi.container.Module.start(Module.java:449)
	at org.eclipse.osgi.framework.util.SecureAction.start(SecureAction.java:468)
	at org.eclipse.osgi.internal.hooks.EclipseLazyStarter.postFindLocalClass(EclipseLazyStarter.java:103)
	at org.eclipse.osgi.internal.loader.classpath.ClasspathManager.findLocalClass(ClasspathManager.java:529)
	at org.eclipse.osgi.internal.loader.ModuleClassLoader.findLocalClass(ModuleClassLoader.java:328)
	at org.eclipse.osgi.internal.loader.BundleLoader.findLocalClass(BundleLoader.java:368)
	at org.eclipse.osgi.internal.loader.BundleLoader.findClassInternal(BundleLoader.java:446)
	at org.eclipse.osgi.internal.loader.BundleLoader.findClass(BundleLoader.java:395)
	at org.eclipse.osgi.internal.loader.BundleLoader.findClass(BundleLoader.java:387)
	at org.eclipse.osgi.internal.loader.ModuleClassLoader.loadClass(ModuleClassLoader.java:150)
	at java.base/java.lang.ClassLoader.loadClass(Unknown Source)
	at org.eclipse.osgi.internal.framework.EquinoxBundle.loadClass(EquinoxBundle.java:564)
	at org.eclipse.core.internal.registry.osgi.RegistryStrategyOSGI.createExecutableExtension(RegistryStrategyOSGI.java:174)
	at org.eclipse.core.internal.registry.ExtensionRegistry.createExecutableExtension(ExtensionRegistry.java:905)
	at org.eclipse.core.internal.registry.ConfigurationElement.createExecutableExtension(ConfigurationElement.java:243)
	at org.eclipse.core.internal.registry.ConfigurationElementHandle.createExecutableExtension(ConfigurationElementHandle.java:55)
	at org.eclipse.ui.internal.WorkbenchPlugin.lambda$0(WorkbenchPlugin.java:288)
	at org.eclipse.swt.custom.BusyIndicator.showWhile(BusyIndicator.java:52)
	at org.eclipse.ui.internal.WorkbenchPlugin.createExtension(WorkbenchPlugin.java:285)
	at org.eclipse.ui.internal.decorators.LightweightDecoratorDefinition$1.run(LightweightDecoratorDefinition.java:125)
	at org.eclipse.core.runtime.SafeRunner.run(SafeRunner.java:42)
	at org.eclipse.ui.internal.decorators.LightweightDecoratorDefinition.internalGetDecorator(LightweightDecoratorDefinition.java:120)
	at org.eclipse.ui.internal.decorators.LightweightDecoratorDefinition.decorate(LightweightDecoratorDefinition.java:242)
	at org.eclipse.ui.internal.decorators.LightweightDecoratorManager$LightweightRunnable.run(LightweightDecoratorManager.java:104)
	at org.eclipse.core.runtime.SafeRunner.run(SafeRunner.java:42)
	at org.eclipse.ui.internal.decorators.LightweightDecoratorManager.decorate(LightweightDecoratorManager.java:377)
	at org.eclipse.ui.internal.decorators.LightweightDecoratorManager.getDecorations(LightweightDecoratorManager.java:359)
	at org.eclipse.ui.internal.decorators.DecorationScheduler$1.ensureResultCached(DecorationScheduler.java:347)
	at org.eclipse.ui.internal.decorators.DecorationScheduler$1.run(DecorationScheduler.java:311)
	at org.eclipse.core.internal.jobs.Worker.run(Worker.java:56)
Caused by: com.cedarsoftware.util.io.JsonIoException: EOF reached prematurely
	at com.cedarsoftware.util.io.JsonParser.error(JsonParser.java:584)
	at com.cedarsoftware.util.io.JsonParser.readValue(JsonParser.java:278)
	at com.cedarsoftware.util.io.JsonReader.readObject(JsonReader.java:521)
	... 54 more
2018-05-23 21:37:39,234 ERROR [Worker-9] - System.err - AI: INFO 23-05-2018 21:37, 41: Configuration file has been successfully found as resource
2018-05-23 21:37:42,929 ERROR [Worker-9] - System.err - AI: INFO 23-05-2018 21:37, 41: Configuration file has been successfully found as resource
2018-05-23 21:37:43,183 ERROR [Thread-17] - System.err - log4j:WARN No appenders could be found for logger (com.microsoft.applicationinsights.core.dependencies.http.client.protocol.RequestAddCookies).
2018-05-23 21:37:43,183 ERROR [Thread-17] - System.err - log4j:WARN Please initialize the log4j system properly.
2018-05-23 21:37:43,183 ERROR [Thread-17] - System.err - log4j:WARN See http://logging.apache.org/log4j/1.2/faq.html#noconfig for more info.
2018-05-23 21:37:43,375 ERROR [Thread-20] - System.err - AI: TRACE 23-05-2018 21:37, 73: App is throttled, telemetries are blocked from now, for 300 seconds
2018-05-23 21:37:43,879 ERROR [Worker-14] - System.err - log4j:WARN No appenders could be found for logger (org.springsource.ide.eclipse.commons.core.templates.TemplateProcessor).
2018-05-23 21:37:43,879 ERROR [Worker-14] - System.err - log4j:WARN Please initialize the log4j system properly.
2018-05-23 21:42:43,373 ERROR [Thread-21] - System.err - AI: TRACE 23-05-2018 21:42, 74: App is throttled is cancelled
2018-05-23 21:43:31,483 ERROR [Text Viewer Hover Presenter] - System.err - Java Model Exception: java.nio.channels.ClosedByInterruptException
2018-05-23 21:43:31,483 ERROR [Text Viewer Hover Presenter] - System.err - at org.eclipse.jdt.internal.core.ModularClassFile.getBinaryModuleInfo(ModularClassFile.java:144)
2018-05-23 21:43:31,483 ERROR [Text Viewer Hover Presenter] - System.err - at org.eclipse.jdt.internal.core.ModularClassFile.buildStructure(ModularClassFile.java:53)
2018-05-23 21:43:31,483 ERROR [Text Viewer Hover Presenter] - System.err - at org.eclipse.jdt.internal.core.Openable.generateInfos(Openable.java:259)
2018-05-23 21:43:31,483 ERROR [Text Viewer Hover Presenter] - System.err - at org.eclipse.jdt.internal.core.JavaElement.openWhenClosed(JavaElement.java:583)
2018-05-23 21:43:31,483 ERROR [Text Viewer Hover Presenter] - System.err - at org.eclipse.jdt.internal.core.ModularClassFile.getModule(ModularClassFile.java:300)
2018-05-23 21:43:31,483 ERROR [Text Viewer Hover Presenter] - System.err - at org.eclipse.jdt.internal.core.PackageFragmentRoot.getModuleDescription(PackageFragmentRoot.java:873)
2018-05-23 21:43:31,483 ERROR [Text Viewer Hover Presenter] - System.err - at org.eclipse.jdt.internal.core.JarPackageFragmentRoot.getModuleDescription(JarPackageFragmentRoot.java:254)
2018-05-23 21:43:31,483 ERROR [Text Viewer Hover Presenter] - System.err - at org.eclipse.jdt.internal.core.NameLookup.getModuleDescription(NameLookup.java:880)
2018-05-23 21:43:31,483 ERROR [Text Viewer Hover Presenter] - System.err - at org.eclipse.jdt.internal.core.NameLookup.findType(NameLookup.java:793)
2018-05-23 21:43:31,484 ERROR [Text Viewer Hover Presenter] - System.err - at org.eclipse.jdt.internal.core.NameLookup.findType(NameLookup.java:701)
2018-05-23 21:43:31,484 ERROR [Text Viewer Hover Presenter] - System.err - at org.eclipse.jdt.internal.core.SearchableEnvironment.find(SearchableEnvironment.java:146)
2018-05-23 21:43:31,484 ERROR [Text Viewer Hover Presenter] - System.err - at org.eclipse.jdt.internal.core.SearchableEnvironment.findType(SearchableEnvironment.java:450)
2018-05-23 21:43:31,484 ERROR [Text Viewer Hover Presenter] - System.err - at org.eclipse.jdt.internal.compiler.env.IModuleAwareNameEnvironment.findType(IModuleAwareNameEnvironment.java:94)
2018-05-23 21:43:31,484 ERROR [Text Viewer Hover Presenter] - System.err - at org.eclipse.jdt.internal.compiler.lookup.LookupEnvironment.askForType(LookupEnvironment.java:291)
2018-05-23 21:43:31,484 ERROR [Text Viewer Hover Presenter] - System.err - at org.eclipse.jdt.internal.compiler.lookup.LookupEnvironment.getType(LookupEnvironment.java:1626)
2018-05-23 21:43:31,484 ERROR [Text Viewer Hover Presenter] - System.err - at org.eclipse.jdt.internal.compiler.lookup.LookupEnvironment.getResolvedType(LookupEnvironment.java:1548)
2018-05-23 21:43:31,484 ERROR [Text Viewer Hover Presenter] - System.err - at org.eclipse.jdt.internal.compiler.lookup.LookupEnvironment.getResolvedJavaBaseType(LookupEnvironment.java:1560)
2018-05-23 21:43:31,484 ERROR [Text Viewer Hover Presenter] - System.err - at org.eclipse.jdt.internal.compiler.lookup.Scope.getJavaLangObject(Scope.java:2824)
2018-05-23 21:43:31,484 ERROR [Text Viewer Hover Presenter] - System.err - at org.eclipse.jdt.internal.compiler.lookup.ClassScope.connectSuperclass(ClassScope.java:954)
2018-05-23 21:43:31,484 ERROR [Text Viewer Hover Presenter] - System.err - at org.eclipse.jdt.internal.compiler.lookup.ClassScope.connectTypeHierarchy(ClassScope.java:1119)
2018-05-23 21:43:31,484 ERROR [Text Viewer Hover Presenter] - System.err - at org.eclipse.jdt.internal.compiler.lookup.CompilationUnitScope.connectTypeHierarchy(CompilationUnitScope.java:359)
2018-05-23 21:43:31,484 ERROR [Text Viewer Hover Presenter] - System.err - at org.eclipse.jdt.internal.compiler.lookup.LookupEnvironment.completeTypeBindings(LookupEnvironment.java:567)
2018-05-23 21:43:31,484 ERROR [Text Viewer Hover Presenter] - System.err - at org.eclipse.jdt.internal.codeassist.SelectionEngine.select(SelectionEngine.java:1044)
2018-05-23 21:43:31,484 ERROR [Text Viewer Hover Presenter] - System.err - at org.eclipse.jdt.internal.core.Openable.codeSelect(Openable.java:163)
2018-05-23 21:43:31,484 ERROR [Text Viewer Hover Presenter] - System.err - at org.eclipse.jdt.internal.core.CompilationUnit.codeSelect(CompilationUnit.java:378)
2018-05-23 21:43:31,484 ERROR [Text Viewer Hover Presenter] - System.err - at org.eclipse.jdt.internal.core.CompilationUnit.codeSelect_aroundBody0(CompilationUnit.java:372)
2018-05-23 21:43:31,484 ERROR [Text Viewer Hover Presenter] - System.err - at org.eclipse.jdt.internal.core.CompilationUnit$AjcClosure1.run(CompilationUnit.java:1)
2018-05-23 21:43:31,484 ERROR [Text Viewer Hover Presenter] - System.err - at org.eclipse.contribution.jdt.itdawareness.ITDAwarenessAspect.ajc$around$org_eclipse_contribution_jdt_itdawareness_ITDAwarenessAspect$6$3f3ffce8proceed(ITDAwarenessAspect.aj:311)
2018-05-23 21:43:31,484 ERROR [Text Viewer Hover Presenter] - System.err - at org.eclipse.contribution.jdt.itdawareness.ITDAwarenessAspect.ajc$around$org_eclipse_contribution_jdt_itdawareness_ITDAwarenessAspect$6$3f3ffce8(ITDAwarenessAspect.aj:312)
2018-05-23 21:43:31,484 ERROR [Text Viewer Hover Presenter] - System.err - at org.eclipse.jdt.internal.core.CompilationUnit.codeSelect(CompilationUnit.java:372)
2018-05-23 21:43:31,484 ERROR [Text Viewer Hover Presenter] - System.err - at org.eclipse.jdt.internal.ui.text.java.hover.AbstractJavaEditorTextHover.getJavaElementsAt(AbstractJavaEditorTextHover.java:121)
2018-05-23 21:43:31,484 ERROR [Text Viewer Hover Presenter] - System.err - at org.eclipse.jdt.internal.ui.text.java.hover.JavadocHover.internalGetHoverInfo(JavadocHover.java:671)
2018-05-23 21:43:31,484 ERROR [Text Viewer Hover Presenter] - System.err - at org.eclipse.jdt.internal.ui.text.java.hover.JavadocHover.getHoverInfo2(JavadocHover.java:667)
2018-05-23 21:43:31,484 ERROR [Text Viewer Hover Presenter] - System.err - at org.eclipse.jdt.internal.ui.text.java.hover.BestMatchHover.getHoverInfo2(BestMatchHover.java:164)
2018-05-23 21:43:31,484 ERROR [Text Viewer Hover Presenter] - System.err - at org.eclipse.jdt.internal.ui.text.java.hover.BestMatchHover.getHoverInfo2(BestMatchHover.java:130)
2018-05-23 21:43:31,484 ERROR [Text Viewer Hover Presenter] - System.err - at org.eclipse.jdt.internal.ui.text.java.hover.JavaEditorTextHoverProxy.getHoverInfo2(JavaEditorTextHoverProxy.java:86)
2018-05-23 21:43:31,484 ERROR [Text Viewer Hover Presenter] - System.err - at org.eclipse.jface.text.TextViewerHoverManager$4.run(TextViewerHoverManager.java:166)
2018-05-23 21:43:31,484 ERROR [Text Viewer Hover Presenter] - System.err - Caused by: java.nio.channels.ClosedByInterruptException
2018-05-23 21:43:31,484 ERROR [Text Viewer Hover Presenter] - System.err - at java.base/java.nio.channels.spi.AbstractInterruptibleChannel.end(Unknown Source)
2018-05-23 21:43:31,484 ERROR [Text Viewer Hover Presenter] - System.err - at java.base/java.nio.channels.Channels$ReadableByteChannelImpl.read(Unknown Source)
2018-05-23 21:43:31,484 ERROR [Text Viewer Hover Presenter] - System.err - at jdk.internal.jrtfs.JrtFileSystem$1.read(JrtFileSystem.java:376)
2018-05-23 21:43:31,485 ERROR [Text Viewer Hover Presenter] - System.err - at java.base/sun.nio.ch.ChannelInputStream.read(Unknown Source)
2018-05-23 21:43:31,485 ERROR [Text Viewer Hover Presenter] - System.err - at java.base/sun.nio.ch.ChannelInputStream.read(Unknown Source)
2018-05-23 21:43:31,485 ERROR [Text Viewer Hover Presenter] - System.err - at java.base/sun.nio.ch.ChannelInputStream.read(Unknown Source)
2018-05-23 21:43:31,485 ERROR [Text Viewer Hover Presenter] - System.err - at java.base/java.nio.file.Files.read(Unknown Source)
2018-05-23 21:43:31,485 ERROR [Text Viewer Hover Presenter] - System.err - at java.base/java.nio.file.Files.readAllBytes(Unknown Source)
2018-05-23 21:43:31,485 ERROR [Text Viewer Hover Presenter] - System.err - at org.eclipse.jdt.internal.compiler.util.JrtFileSystem.getClassfileBytes(JRTUtil.java:330)
2018-05-23 21:43:31,485 ERROR [Text Viewer Hover Presenter] - System.err - at org.eclipse.jdt.internal.compiler.util.JrtFileSystem.getClassfileContent(JRTUtil.java:311)
2018-05-23 21:43:31,485 ERROR [Text Viewer Hover Presenter] - System.err - at org.eclipse.jdt.internal.compiler.util.JRTUtil.getClassfileContent(JRTUtil.java:153)
2018-05-23 21:43:31,485 ERROR [Text Viewer Hover Presenter] - System.err - at org.eclipse.jdt.internal.core.AbstractClassFile.getClassFileContent(AbstractClassFile.java:187)
2018-05-23 21:43:31,485 ERROR [Text Viewer Hover Presenter] - System.err - at org.eclipse.jdt.internal.core.ModularClassFile.getJarBinaryModuleInfo(ModularClassFile.java:167)
2018-05-23 21:43:31,485 ERROR [Text Viewer Hover Presenter] - System.err - at org.eclipse.jdt.internal.core.ModularClassFile.getBinaryModuleInfo(ModularClassFile.java:132)
2018-05-23 21:43:31,485 ERROR [Text Viewer Hover Presenter] - System.err - ... 36 more
2018-05-23 21:43:31,486 ERROR [Text Viewer Hover Presenter] - System.err - Caused by:
2018-05-23 21:43:31,486 ERROR [Text Viewer Hover Presenter] - System.err - java.nio.channels.ClosedByInterruptException
2018-05-23 21:43:31,486 ERROR [Text Viewer Hover Presenter] - System.err - at java.base/java.nio.channels.spi.AbstractInterruptibleChannel.end(Unknown Source)
2018-05-23 21:43:31,486 ERROR [Text Viewer Hover Presenter] - System.err - at java.base/java.nio.channels.Channels$ReadableByteChannelImpl.read(Unknown Source)
2018-05-23 21:43:31,486 ERROR [Text Viewer Hover Presenter] - System.err - at jdk.internal.jrtfs.JrtFileSystem$1.read(JrtFileSystem.java:376)
2018-05-23 21:43:31,486 ERROR [Text Viewer Hover Presenter] - System.err - at java.base/sun.nio.ch.ChannelInputStream.read(Unknown Source)
2018-05-23 21:43:31,486 ERROR [Text Viewer Hover Presenter] - System.err - at java.base/sun.nio.ch.ChannelInputStream.read(Unknown Source)
2018-05-23 21:43:31,486 ERROR [Text Viewer Hover Presenter] - System.err - at java.base/sun.nio.ch.ChannelInputStream.read(Unknown Source)
2018-05-23 21:43:31,486 ERROR [Text Viewer Hover Presenter] - System.err - at java.base/java.nio.file.Files.read(Unknown Source)
2018-05-23 21:43:31,486 ERROR [Text Viewer Hover Presenter] - System.err - at java.base/java.nio.file.Files.readAllBytes(Unknown Source)
2018-05-23 21:43:31,486 ERROR [Text Viewer Hover Presenter] - System.err - at org.eclipse.jdt.internal.compiler.util.JrtFileSystem.getClassfileBytes(JRTUtil.java:330)
2018-05-23 21:43:31,486 ERROR [Text Viewer Hover Presenter] - System.err - at org.eclipse.jdt.internal.compiler.util.JrtFileSystem.getClassfileContent(JRTUtil.java:311)
2018-05-23 21:43:31,486 ERROR [Text Viewer Hover Presenter] - System.err - at org.eclipse.jdt.internal.compiler.util.JRTUtil.getClassfileContent(JRTUtil.java:153)
2018-05-23 21:43:31,486 ERROR [Text Viewer Hover Presenter] - System.err - at org.eclipse.jdt.internal.core.AbstractClassFile.getClassFileContent(AbstractClassFile.java:187)
2018-05-23 21:43:31,486 ERROR [Text Viewer Hover Presenter] - System.err - at org.eclipse.jdt.internal.core.ModularClassFile.getJarBinaryModuleInfo(ModularClassFile.java:167)
2018-05-23 21:43:31,486 ERROR [Text Viewer Hover Presenter] - System.err - at org.eclipse.jdt.internal.core.ModularClassFile.getBinaryModuleInfo(ModularClassFile.java:132)
2018-05-23 21:43:31,486 ERROR [Text Viewer Hover Presenter] - System.err - at org.eclipse.jdt.internal.core.ModularClassFile.buildStructure(ModularClassFile.java:53)
2018-05-23 21:43:31,486 ERROR [Text Viewer Hover Presenter] - System.err - at org.eclipse.jdt.internal.core.Openable.generateInfos(Openable.java:259)
2018-05-23 21:43:31,486 ERROR [Text Viewer Hover Presenter] - System.err - at org.eclipse.jdt.internal.core.JavaElement.openWhenClosed(JavaElement.java:583)
2018-05-23 21:43:31,486 ERROR [Text Viewer Hover Presenter] - System.err - at org.eclipse.jdt.internal.core.ModularClassFile.getModule(ModularClassFile.java:300)
2018-05-23 21:43:31,486 ERROR [Text Viewer Hover Presenter] - System.err - at org.eclipse.jdt.internal.core.PackageFragmentRoot.getModuleDescription(PackageFragmentRoot.java:873)
2018-05-23 21:43:31,486 ERROR [Text Viewer Hover Presenter] - System.err - at org.eclipse.jdt.internal.core.JarPackageFragmentRoot.getModuleDescription(JarPackageFragmentRoot.java:254)
2018-05-23 21:43:31,486 ERROR [Text Viewer Hover Presenter] - System.err - at org.eclipse.jdt.internal.core.NameLookup.getModuleDescription(NameLookup.java:880)
2018-05-23 21:43:31,486 ERROR [Text Viewer Hover Presenter] - System.err - at org.eclipse.jdt.internal.core.NameLookup.findType(NameLookup.java:793)
2018-05-23 21:43:31,486 ERROR [Text Viewer Hover Presenter] - System.err - at org.eclipse.jdt.internal.core.NameLookup.findType(NameLookup.java:701)
2018-05-23 21:43:31,486 ERROR [Text Viewer Hover Presenter] - System.err - at org.eclipse.jdt.internal.core.SearchableEnvironment.find(SearchableEnvironment.java:146)
2018-05-23 21:43:31,486 ERROR [Text Viewer Hover Presenter] - System.err - at org.eclipse.jdt.internal.core.SearchableEnvironment.findType(SearchableEnvironment.java:450)
2018-05-23 21:43:31,486 ERROR [Text Viewer Hover Presenter] - System.err - at org.eclipse.jdt.internal.compiler.env.IModuleAwareNameEnvironment.findType(IModuleAwareNameEnvironment.java:94)
2018-05-23 21:43:31,486 ERROR [Text Viewer Hover Presenter] - System.err - at org.eclipse.jdt.internal.compiler.lookup.LookupEnvironment.askForType(LookupEnvironment.java:291)
2018-05-23 21:43:31,487 ERROR [Text Viewer Hover Presenter] - System.err - at org.eclipse.jdt.internal.compiler.lookup.LookupEnvironment.getType(LookupEnvironment.java:1626)
2018-05-23 21:43:31,487 ERROR [Text Viewer Hover Presenter] - System.err - at org.eclipse.jdt.internal.compiler.lookup.LookupEnvironment.getResolvedType(LookupEnvironment.java:1548)
2018-05-23 21:43:31,487 ERROR [Text Viewer Hover Presenter] - System.err - at org.eclipse.jdt.internal.compiler.lookup.LookupEnvironment.getResolvedJavaBaseType(LookupEnvironment.java:1560)
2018-05-23 21:43:31,487 ERROR [Text Viewer Hover Presenter] - System.err - at org.eclipse.jdt.internal.compiler.lookup.Scope.getJavaLangObject(Scope.java:2824)
2018-05-23 21:43:31,487 ERROR [Text Viewer Hover Presenter] - System.err - at org.eclipse.jdt.internal.compiler.lookup.ClassScope.connectSuperclass(ClassScope.java:954)
2018-05-23 21:43:31,487 ERROR [Text Viewer Hover Presenter] - System.err - at org.eclipse.jdt.internal.compiler.lookup.ClassScope.connectTypeHierarchy(ClassScope.java:1119)
2018-05-23 21:43:31,487 ERROR [Text Viewer Hover Presenter] - System.err - at org.eclipse.jdt.internal.compiler.lookup.CompilationUnitScope.connectTypeHierarchy(CompilationUnitScope.java:359)
2018-05-23 21:43:31,487 ERROR [Text Viewer Hover Presenter] - System.err - at org.eclipse.jdt.internal.compiler.lookup.LookupEnvironment.completeTypeBindings(LookupEnvironment.java:567)
2018-05-23 21:43:31,487 ERROR [Text Viewer Hover Presenter] - System.err - at org.eclipse.jdt.internal.codeassist.SelectionEngine.select(SelectionEngine.java:1044)
2018-05-23 21:43:31,487 ERROR [Text Viewer Hover Presenter] - System.err - at org.eclipse.jdt.internal.core.Openable.codeSelect(Openable.java:163)
2018-05-23 21:43:31,487 ERROR [Text Viewer Hover Presenter] - System.err - at org.eclipse.jdt.internal.core.CompilationUnit.codeSelect(CompilationUnit.java:378)
2018-05-23 21:43:31,487 ERROR [Text Viewer Hover Presenter] - System.err - at org.eclipse.jdt.internal.core.CompilationUnit.codeSelect_aroundBody0(CompilationUnit.java:372)
2018-05-23 21:43:31,487 ERROR [Text Viewer Hover Presenter] - System.err - at org.eclipse.jdt.internal.core.CompilationUnit$AjcClosure1.run(CompilationUnit.java:1)
2018-05-23 21:43:31,487 ERROR [Text Viewer Hover Presenter] - System.err - at org.eclipse.contribution.jdt.itdawareness.ITDAwarenessAspect.ajc$around$org_eclipse_contribution_jdt_itdawareness_ITDAwarenessAspect$6$3f3ffce8proceed(ITDAwarenessAspect.aj:311)
2018-05-23 21:43:31,487 ERROR [Text Viewer Hover Presenter] - System.err - at org.eclipse.contribution.jdt.itdawareness.ITDAwarenessAspect.ajc$around$org_eclipse_contribution_jdt_itdawareness_ITDAwarenessAspect$6$3f3ffce8(ITDAwarenessAspect.aj:312)
2018-05-23 21:43:31,487 ERROR [Text Viewer Hover Presenter] - System.err - at org.eclipse.jdt.internal.core.CompilationUnit.codeSelect(CompilationUnit.java:372)
2018-05-23 21:43:31,487 ERROR [Text Viewer Hover Presenter] - System.err - at org.eclipse.jdt.internal.ui.text.java.hover.AbstractJavaEditorTextHover.getJavaElementsAt(AbstractJavaEditorTextHover.java:121)
2018-05-23 21:43:31,487 ERROR [Text Viewer Hover Presenter] - System.err - at org.eclipse.jdt.internal.ui.text.java.hover.JavadocHover.internalGetHoverInfo(JavadocHover.java:671)
2018-05-23 21:43:31,487 ERROR [Text Viewer Hover Presenter] - System.err - at org.eclipse.jdt.internal.ui.text.java.hover.JavadocHover.getHoverInfo2(JavadocHover.java:667)
2018-05-23 21:43:31,487 ERROR [Text Viewer Hover Presenter] - System.err - at org.eclipse.jdt.internal.ui.text.java.hover.BestMatchHover.getHoverInfo2(BestMatchHover.java:164)
2018-05-23 21:43:31,487 ERROR [Text Viewer Hover Presenter] - System.err - at org.eclipse.jdt.internal.ui.text.java.hover.BestMatchHover.getHoverInfo2(BestMatchHover.java:130)
2018-05-23 21:43:31,487 ERROR [Text Viewer Hover Presenter] - System.err - at org.eclipse.jdt.internal.ui.text.java.hover.JavaEditorTextHoverProxy.getHoverInfo2(JavaEditorTextHoverProxy.java:86)
2018-05-23 21:43:31,487 ERROR [Text Viewer Hover Presenter] - System.err - at org.eclipse.jface.text.TextViewerHoverManager$4.run(TextViewerHoverManager.java:166)
2018-05-23 21:46:48,230 ERROR [Thread-62] - System.err - AI: TRACE 23-05-2018 21:46, 153: App is throttled, telemetries are blocked from now, for 300 seconds
2018-05-23 21:51:48,231 ERROR [Thread-21] - System.err - AI: TRACE 23-05-2018 21:51, 74: App is throttled is cancelled
2018-05-23 21:58:48,158 ERROR [Thread-140] - System.err - AI: TRACE 23-05-2018 21:58, 291: App is throttled, telemetries are blocked from now, for 300 seconds
2018-05-23 22:03:48,167 ERROR [Thread-21] - System.err - AI: TRACE 23-05-2018 22:03, 74: App is throttled is cancelled
